<?xml version="1.0" encoding="UTF-8"?>
<testng-results skipped="0" failed="1" ignored="0" total="3" passed="2">
  <reporter-output>
  </reporter-output>
  <suite name="Suite" duration-ms="172717" started-at="2020-04-05T21:15:18Z" finished-at="2020-04-05T21:18:11Z">
    <groups>
    </groups>
    <test name="Test" duration-ms="172717" started-at="2020-04-05T21:15:18Z" finished-at="2020-04-05T21:18:11Z">
      <class name="com.selenium.test.create_Account">
        <test-method status="PASS" signature="beforeMethod()[pri:0, instance:com.selenium.test.create_Account@51e2adc7]" name="beforeMethod" is-config="true" duration-ms="40214" started-at="2020-04-05T21:15:18Z" finished-at="2020-04-05T21:15:58Z">
          <reporter-output>
          </reporter-output>
        </test-method> <!-- beforeMethod -->
        <test-method status="FAIL" signature="newAccount()[pri:0, instance:com.selenium.test.create_Account@51e2adc7]" name="newAccount" duration-ms="21776" started-at="2020-04-05T21:15:58Z" finished-at="2020-04-05T21:16:20Z">
          <exception class="org.openqa.selenium.NoSuchElementException">
            <message>
              <![CDATA[no such element: Unable to locate element: {"method":"css selector","selector":"#id_gender1"}
  (Session info: chrome=79.0.3945.88)
For documentation on this error, please visit: https://www.seleniumhq.org/exceptions/no_such_element.html
Build info: version: '3.141.59', revision: 'e82be7d358', time: '2018-11-14T08:25:48'
System info: host: 'DESKTOP-D0DHB9F', ip: '10.0.75.1', os.name: 'Windows 10', os.arch: 'amd64', os.version: '10.0', java.version: '1.8.0_191'
Driver info: org.openqa.selenium.chrome.ChromeDriver
Capabilities {acceptInsecureCerts: false, browserName: chrome, browserVersion: 79.0.3945.88, chrome: {chromedriverVersion: 79.0.3945.36 (3582db32b3389..., userDataDir: C:\Users\Nilesh\AppData\Loc...}, goog:chromeOptions: {debuggerAddress: localhost:50554}, javascriptEnabled: true, networkConnectionEnabled: false, pageLoadStrategy: normal, platform: WINDOWS, platformName: WINDOWS, proxy: Proxy(), setWindowRect: true, strictFileInteractability: false, timeouts: {implicit: 0, pageLoad: 300000, script: 30000}, unhandledPromptBehavior: dismiss and notify}
Session ID: 9aed81be14f62722fa1478f75cfa71a8
*** Element info: {Using=id, value=id_gender1}]]>
            </message>
            <full-stacktrace>
              <![CDATA[org.openqa.selenium.NoSuchElementException: no such element: Unable to locate element: {"method":"css selector","selector":"#id_gender1"}
  (Session info: chrome=79.0.3945.88)
For documentation on this error, please visit: https://www.seleniumhq.org/exceptions/no_such_element.html
Build info: version: '3.141.59', revision: 'e82be7d358', time: '2018-11-14T08:25:48'
System info: host: 'DESKTOP-D0DHB9F', ip: '10.0.75.1', os.name: 'Windows 10', os.arch: 'amd64', os.version: '10.0', java.version: '1.8.0_191'
Driver info: org.openqa.selenium.chrome.ChromeDriver
Capabilities {acceptInsecureCerts: false, browserName: chrome, browserVersion: 79.0.3945.88, chrome: {chromedriverVersion: 79.0.3945.36 (3582db32b3389..., userDataDir: C:\Users\Nilesh\AppData\Loc...}, goog:chromeOptions: {debuggerAddress: localhost:50554}, javascriptEnabled: true, networkConnectionEnabled: false, pageLoadStrategy: normal, platform: WINDOWS, platformName: WINDOWS, proxy: Proxy(), setWindowRect: true, strictFileInteractability: false, timeouts: {implicit: 0, pageLoad: 300000, script: 30000}, unhandledPromptBehavior: dismiss and notify}
Session ID: 9aed81be14f62722fa1478f75cfa71a8
*** Element info: {Using=id, value=id_gender1}
at sun.reflect.NativeConstructorAccessorImpl.newInstance0(Native Method)
at sun.reflect.NativeConstructorAccessorImpl.newInstance(Unknown Source)
at sun.reflect.DelegatingConstructorAccessorImpl.newInstance(Unknown Source)
at java.lang.reflect.Constructor.newInstance(Unknown Source)
at org.openqa.selenium.remote.http.W3CHttpResponseCodec.createException(W3CHttpResponseCodec.java:187)
at org.openqa.selenium.remote.http.W3CHttpResponseCodec.decode(W3CHttpResponseCodec.java:122)
at org.openqa.selenium.remote.http.W3CHttpResponseCodec.decode(W3CHttpResponseCodec.java:49)
at org.openqa.selenium.remote.HttpCommandExecutor.execute(HttpCommandExecutor.java:158)
at org.openqa.selenium.remote.service.DriverCommandExecutor.execute(DriverCommandExecutor.java:83)
at org.openqa.selenium.remote.RemoteWebDriver.execute(RemoteWebDriver.java:552)
at org.openqa.selenium.remote.RemoteWebDriver.findElement(RemoteWebDriver.java:323)
at org.openqa.selenium.remote.RemoteWebDriver.findElementById(RemoteWebDriver.java:372)
at org.openqa.selenium.By$ById.findElement(By.java:188)
at org.openqa.selenium.remote.RemoteWebDriver.findElement(RemoteWebDriver.java:315)
at com.selenium.test.create_Account.newAccount(create_Account.java:62)
at sun.reflect.NativeMethodAccessorImpl.invoke0(Native Method)
at sun.reflect.NativeMethodAccessorImpl.invoke(Unknown Source)
at sun.reflect.DelegatingMethodAccessorImpl.invoke(Unknown Source)
at java.lang.reflect.Method.invoke(Unknown Source)
at org.testng.internal.MethodInvocationHelper.invokeMethod(MethodInvocationHelper.java:124)
at org.testng.internal.Invoker.invokeMethod(Invoker.java:583)
at org.testng.internal.Invoker.invokeTestMethod(Invoker.java:719)
at org.testng.internal.Invoker.invokeTestMethods(Invoker.java:989)
at org.testng.internal.TestMethodWorker.invokeTestMethods(TestMethodWorker.java:125)
at org.testng.internal.TestMethodWorker.run(TestMethodWorker.java:109)
at org.testng.TestRunner.privateRun(TestRunner.java:648)
at org.testng.TestRunner.run(TestRunner.java:505)
at org.testng.SuiteRunner.runTest(SuiteRunner.java:455)
at org.testng.SuiteRunner.runSequentially(SuiteRunner.java:450)
at org.testng.SuiteRunner.privateRun(SuiteRunner.java:415)
at org.testng.SuiteRunner.run(SuiteRunner.java:364)
at org.testng.SuiteRunnerWorker.runSuite(SuiteRunnerWorker.java:52)
at org.testng.SuiteRunnerWorker.run(SuiteRunnerWorker.java:84)
at org.testng.TestNG.runSuitesSequentially(TestNG.java:1208)
at org.testng.TestNG.runSuitesLocally(TestNG.java:1137)
at org.testng.TestNG.runSuites(TestNG.java:1049)
at org.testng.TestNG.run(TestNG.java:1017)
at org.testng.remote.AbstractRemoteTestNG.run(AbstractRemoteTestNG.java:115)
at org.testng.remote.RemoteTestNG.initAndRun(RemoteTestNG.java:251)
at org.testng.remote.RemoteTestNG.main(RemoteTestNG.java:77)
]]>
            </full-stacktrace>
          </exception> <!-- org.openqa.selenium.NoSuchElementException -->
          <reporter-output>
          </reporter-output>
        </test-method> <!-- newAccount -->
        <test-method status="PASS" signature="afterMethod()[pri:0, instance:com.selenium.test.create_Account@51e2adc7]" name="afterMethod" is-config="true" duration-ms="1230" started-at="2020-04-05T21:16:20Z" finished-at="2020-04-05T21:16:21Z">
          <reporter-output>
          </reporter-output>
        </test-method> <!-- afterMethod -->
      </class> <!-- com.selenium.test.create_Account -->
      <class name="com.selenium.test.signIn_payment">
        <test-method status="PASS" signature="beforeMethod()[pri:0, instance:com.selenium.test.signIn_payment@2353b3e6]" name="beforeMethod" is-config="true" duration-ms="23313" started-at="2020-04-05T21:16:59Z" finished-at="2020-04-05T21:17:23Z">
          <reporter-output>
          </reporter-output>
        </test-method> <!-- beforeMethod -->
        <test-method status="PASS" signature="signIn()[pri:0, instance:com.selenium.test.signIn_payment@2353b3e6]" name="signIn" duration-ms="47060" started-at="2020-04-05T21:17:23Z" finished-at="2020-04-05T21:18:10Z">
          <reporter-output>
          </reporter-output>
        </test-method> <!-- signIn -->
        <test-method status="PASS" signature="afterMethod()[pri:0, instance:com.selenium.test.signIn_payment@2353b3e6]" name="afterMethod" is-config="true" duration-ms="1036" started-at="2020-04-05T21:18:10Z" finished-at="2020-04-05T21:18:11Z">
          <reporter-output>
          </reporter-output>
        </test-method> <!-- afterMethod -->
      </class> <!-- com.selenium.test.signIn_payment -->
      <class name="com.selenium.test.verify_profile_cart_amount">
        <test-method status="PASS" signature="beforeMethod()[pri:0, instance:com.selenium.test.verify_profile_cart_amount@1a8a8f7c]" name="beforeMethod" is-config="true" duration-ms="23822" started-at="2020-04-05T21:16:21Z" finished-at="2020-04-05T21:16:45Z">
          <reporter-output>
          </reporter-output>
        </test-method> <!-- beforeMethod -->
        <test-method status="PASS" signature="Verify_amount()[pri:0, instance:com.selenium.test.verify_profile_cart_amount@1a8a8f7c]" name="Verify_amount" duration-ms="13070" started-at="2020-04-05T21:16:45Z" finished-at="2020-04-05T21:16:58Z">
          <reporter-output>
          </reporter-output>
        </test-method> <!-- Verify_amount -->
        <test-method status="PASS" signature="afterMethod()[pri:0, instance:com.selenium.test.verify_profile_cart_amount@1a8a8f7c]" name="afterMethod" is-config="true" duration-ms="1141" started-at="2020-04-05T21:16:58Z" finished-at="2020-04-05T21:16:59Z">
          <reporter-output>
          </reporter-output>
        </test-method> <!-- afterMethod -->
      </class> <!-- com.selenium.test.verify_profile_cart_amount -->
    </test> <!-- Test -->
  </suite> <!-- Suite -->
</testng-results>
